2023-05-09T00:24:38+00:00 CRITICAL Uncaught Exception: Invalid data store. in /var/www/wptbox/wp-content/plugins/woocommerce/includes/class-wc-data-store.php:107
Stack trace:
#0 /var/www/wptbox/wp-content/plugins/woocommerce/includes/class-wc-data-store.php(139): WC_Data_Store->__construct()
#1 /var/www/wptbox/wp-content/plugins/woocommerce/includes/wc-order-functions.php(378): WC_Data_Store::load()
#2 [internal function]: wc_orders_count()
#3 /var/www/wptbox/wp-content/plugins/woocommerce/src/Internal/Admin/Notes/OrderMilestones.php(116): array_map()
#4 /var/www/wptbox/wp-content/plugins/woocommerce/src/Internal/Admin/Notes/OrderMilestones.php(164): Automattic\WooCommerce\Internal\Admin\Notes\OrderMilestones->get_orders_count()
#5 /var/www/wptbox/wp-content/plugins/woocommerce/src/Internal/Admin/Notes/OrderMilestones.php(345): Automattic\WooCommerce\Internal\Admin\Notes\OrderMilestones->get_current_milestone()
#6 /var/www/wptbox/wp-content/plugins/woocommerce/src/Internal/Admin/Notes/OrderMilestones.php(358): Automattic\WooCommerce\Internal\Admin\Notes\OrderMilestones->can_be_added()
#7 /var/www/wptbox/wp-includes/class-wp-hook.php(308): Automattic\WooCommerce\Internal\Admin\Notes\OrderMilestones->possibly_add_note()
#8 /var/www/wptbox/wp-includes/class-wp-hook.php(332): WP_Hook->apply_filters()
#9 /var/www/wptbox/wp-includes/plugin.php(565): WP_Hook->do_action()
#10 /var/www/wptbox/wp-cron.php(188): do_action_ref_array()
#11 {main}
  thrown in /var/www/wptbox/wp-content/plugins/woocommerce/includes/class-wc-data-store.php on line 107

2023-05-09T01:31:17+00:00 CRITICAL Uncaught Exception: Invalid data store. in /var/www/wptbox/wp-content/plugins/woocommerce/includes/class-wc-data-store.php:107
Stack trace:
#0 /var/www/wptbox/wp-content/plugins/woocommerce/includes/class-wc-data-store.php(139): WC_Data_Store->__construct()
#1 /var/www/wptbox/wp-content/plugins/woocommerce/includes/wc-order-functions.php(378): WC_Data_Store::load()
#2 [internal function]: wc_orders_count()
#3 /var/www/wptbox/wp-content/plugins/woocommerce/src/Internal/Admin/Notes/OrderMilestones.php(116): array_map()
#4 /var/www/wptbox/wp-content/plugins/woocommerce/src/Internal/Admin/Notes/OrderMilestones.php(164): Automattic\WooCommerce\Internal\Admin\Notes\OrderMilestones->get_orders_count()
#5 /var/www/wptbox/wp-content/plugins/woocommerce/src/Internal/Admin/Notes/OrderMilestones.php(345): Automattic\WooCommerce\Internal\Admin\Notes\OrderMilestones->get_current_milestone()
#6 /var/www/wptbox/wp-content/plugins/woocommerce/src/Internal/Admin/Notes/OrderMilestones.php(358): Automattic\WooCommerce\Internal\Admin\Notes\OrderMilestones->can_be_added()
#7 /var/www/wptbox/wp-includes/class-wp-hook.php(308): Automattic\WooCommerce\Internal\Admin\Notes\OrderMilestones->possibly_add_note()
#8 /var/www/wptbox/wp-includes/class-wp-hook.php(332): WP_Hook->apply_filters()
#9 /var/www/wptbox/wp-includes/plugin.php(565): WP_Hook->do_action()
#10 /var/www/wptbox/wp-cron.php(188): do_action_ref_array()
#11 {main}
  thrown in /var/www/wptbox/wp-content/plugins/woocommerce/includes/class-wc-data-store.php on line 107

2023-05-09T02:22:06+00:00 CRITICAL Uncaught Exception: Invalid data store. in /var/www/wptbox/wp-content/plugins/woocommerce/includes/class-wc-data-store.php:107
Stack trace:
#0 /var/www/wptbox/wp-content/plugins/woocommerce/includes/class-wc-data-store.php(139): WC_Data_Store->__construct()
#1 /var/www/wptbox/wp-content/plugins/woocommerce/includes/wc-order-functions.php(378): WC_Data_Store::load()
#2 [internal function]: wc_orders_count()
#3 /var/www/wptbox/wp-content/plugins/woocommerce/src/Internal/Admin/Notes/OrderMilestones.php(116): array_map()
#4 /var/www/wptbox/wp-content/plugins/woocommerce/src/Internal/Admin/Notes/OrderMilestones.php(164): Automattic\WooCommerce\Internal\Admin\Notes\OrderMilestones->get_orders_count()
#5 /var/www/wptbox/wp-content/plugins/woocommerce/src/Internal/Admin/Notes/OrderMilestones.php(345): Automattic\WooCommerce\Internal\Admin\Notes\OrderMilestones->get_current_milestone()
#6 /var/www/wptbox/wp-content/plugins/woocommerce/src/Internal/Admin/Notes/OrderMilestones.php(358): Automattic\WooCommerce\Internal\Admin\Notes\OrderMilestones->can_be_added()
#7 /var/www/wptbox/wp-includes/class-wp-hook.php(308): Automattic\WooCommerce\Internal\Admin\Notes\OrderMilestones->possibly_add_note()
#8 /var/www/wptbox/wp-includes/class-wp-hook.php(332): WP_Hook->apply_filters()
#9 /var/www/wptbox/wp-includes/plugin.php(565): WP_Hook->do_action()
#10 /var/www/wptbox/wp-cron.php(188): do_action_ref_array()
#11 {main}
  thrown in /var/www/wptbox/wp-content/plugins/woocommerce/includes/class-wc-data-store.php on line 107

2023-05-09T03:34:27+00:00 CRITICAL Uncaught Exception: Invalid data store. in /var/www/wptbox/wp-content/plugins/woocommerce/includes/class-wc-data-store.php:107
Stack trace:
#0 /var/www/wptbox/wp-content/plugins/woocommerce/includes/class-wc-data-store.php(139): WC_Data_Store->__construct()
#1 /var/www/wptbox/wp-content/plugins/woocommerce/includes/wc-order-functions.php(378): WC_Data_Store::load()
#2 [internal function]: wc_orders_count()
#3 /var/www/wptbox/wp-content/plugins/woocommerce/src/Internal/Admin/Notes/OrderMilestones.php(116): array_map()
#4 /var/www/wptbox/wp-content/plugins/woocommerce/src/Internal/Admin/Notes/OrderMilestones.php(164): Automattic\WooCommerce\Internal\Admin\Notes\OrderMilestones->get_orders_count()
#5 /var/www/wptbox/wp-content/plugins/woocommerce/src/Internal/Admin/Notes/OrderMilestones.php(345): Automattic\WooCommerce\Internal\Admin\Notes\OrderMilestones->get_current_milestone()
#6 /var/www/wptbox/wp-content/plugins/woocommerce/src/Internal/Admin/Notes/OrderMilestones.php(358): Automattic\WooCommerce\Internal\Admin\Notes\OrderMilestones->can_be_added()
#7 /var/www/wptbox/wp-includes/class-wp-hook.php(308): Automattic\WooCommerce\Internal\Admin\Notes\OrderMilestones->possibly_add_note()
#8 /var/www/wptbox/wp-includes/class-wp-hook.php(332): WP_Hook->apply_filters()
#9 /var/www/wptbox/wp-includes/plugin.php(565): WP_Hook->do_action()
#10 /var/www/wptbox/wp-cron.php(188): do_action_ref_array()
#11 {main}
  thrown in /var/www/wptbox/wp-content/plugins/woocommerce/includes/class-wc-data-store.php on line 107

2023-05-09T04:23:16+00:00 CRITICAL Uncaught Exception: Invalid data store. in /var/www/wptbox/wp-content/plugins/woocommerce/includes/class-wc-data-store.php:107
Stack trace:
#0 /var/www/wptbox/wp-content/plugins/woocommerce/includes/class-wc-data-store.php(139): WC_Data_Store->__construct()
#1 /var/www/wptbox/wp-content/plugins/woocommerce/includes/wc-order-functions.php(378): WC_Data_Store::load()
#2 [internal function]: wc_orders_count()
#3 /var/www/wptbox/wp-content/plugins/woocommerce/src/Internal/Admin/Notes/OrderMilestones.php(116): array_map()
#4 /var/www/wptbox/wp-content/plugins/woocommerce/src/Internal/Admin/Notes/OrderMilestones.php(164): Automattic\WooCommerce\Internal\Admin\Notes\OrderMilestones->get_orders_count()
#5 /var/www/wptbox/wp-content/plugins/woocommerce/src/Internal/Admin/Notes/OrderMilestones.php(345): Automattic\WooCommerce\Internal\Admin\Notes\OrderMilestones->get_current_milestone()
#6 /var/www/wptbox/wp-content/plugins/woocommerce/src/Internal/Admin/Notes/OrderMilestones.php(358): Automattic\WooCommerce\Internal\Admin\Notes\OrderMilestones->can_be_added()
#7 /var/www/wptbox/wp-includes/class-wp-hook.php(308): Automattic\WooCommerce\Internal\Admin\Notes\OrderMilestones->possibly_add_note()
#8 /var/www/wptbox/wp-includes/class-wp-hook.php(332): WP_Hook->apply_filters()
#9 /var/www/wptbox/wp-includes/plugin.php(565): WP_Hook->do_action()
#10 /var/www/wptbox/wp-cron.php(188): do_action_ref_array()
#11 {main}
  thrown in /var/www/wptbox/wp-content/plugins/woocommerce/includes/class-wc-data-store.php on line 107

2023-05-09T05:29:11+00:00 CRITICAL Uncaught Exception: Invalid data store. in /var/www/wptbox/wp-content/plugins/woocommerce/includes/class-wc-data-store.php:107
Stack trace:
#0 /var/www/wptbox/wp-content/plugins/woocommerce/includes/class-wc-data-store.php(139): WC_Data_Store->__construct()
#1 /var/www/wptbox/wp-content/plugins/woocommerce/includes/wc-order-functions.php(378): WC_Data_Store::load()
#2 [internal function]: wc_orders_count()
#3 /var/www/wptbox/wp-content/plugins/woocommerce/src/Internal/Admin/Notes/OrderMilestones.php(116): array_map()
#4 /var/www/wptbox/wp-content/plugins/woocommerce/src/Internal/Admin/Notes/OrderMilestones.php(164): Automattic\WooCommerce\Internal\Admin\Notes\OrderMilestones->get_orders_count()
#5 /var/www/wptbox/wp-content/plugins/woocommerce/src/Internal/Admin/Notes/OrderMilestones.php(345): Automattic\WooCommerce\Internal\Admin\Notes\OrderMilestones->get_current_milestone()
#6 /var/www/wptbox/wp-content/plugins/woocommerce/src/Internal/Admin/Notes/OrderMilestones.php(358): Automattic\WooCommerce\Internal\Admin\Notes\OrderMilestones->can_be_added()
#7 /var/www/wptbox/wp-includes/class-wp-hook.php(308): Automattic\WooCommerce\Internal\Admin\Notes\OrderMilestones->possibly_add_note()
#8 /var/www/wptbox/wp-includes/class-wp-hook.php(332): WP_Hook->apply_filters()
#9 /var/www/wptbox/wp-includes/plugin.php(565): WP_Hook->do_action()
#10 /var/www/wptbox/wp-cron.php(188): do_action_ref_array()
#11 {main}
  thrown in /var/www/wptbox/wp-content/plugins/woocommerce/includes/class-wc-data-store.php on line 107

2023-05-09T06:27:49+00:00 CRITICAL Uncaught Exception: Invalid data store. in /var/www/wptbox/wp-content/plugins/woocommerce/includes/class-wc-data-store.php:107
Stack trace:
#0 /var/www/wptbox/wp-content/plugins/woocommerce/includes/class-wc-data-store.php(139): WC_Data_Store->__construct()
#1 /var/www/wptbox/wp-content/plugins/woocommerce/includes/wc-order-functions.php(378): WC_Data_Store::load()
#2 [internal function]: wc_orders_count()
#3 /var/www/wptbox/wp-content/plugins/woocommerce/src/Internal/Admin/Notes/OrderMilestones.php(116): array_map()
#4 /var/www/wptbox/wp-content/plugins/woocommerce/src/Internal/Admin/Notes/OrderMilestones.php(164): Automattic\WooCommerce\Internal\Admin\Notes\OrderMilestones->get_orders_count()
#5 /var/www/wptbox/wp-content/plugins/woocommerce/src/Internal/Admin/Notes/OrderMilestones.php(345): Automattic\WooCommerce\Internal\Admin\Notes\OrderMilestones->get_current_milestone()
#6 /var/www/wptbox/wp-content/plugins/woocommerce/src/Internal/Admin/Notes/OrderMilestones.php(358): Automattic\WooCommerce\Internal\Admin\Notes\OrderMilestones->can_be_added()
#7 /var/www/wptbox/wp-includes/class-wp-hook.php(308): Automattic\WooCommerce\Internal\Admin\Notes\OrderMilestones->possibly_add_note()
#8 /var/www/wptbox/wp-includes/class-wp-hook.php(332): WP_Hook->apply_filters()
#9 /var/www/wptbox/wp-includes/plugin.php(565): WP_Hook->do_action()
#10 /var/www/wptbox/wp-cron.php(188): do_action_ref_array()
#11 {main}
  thrown in /var/www/wptbox/wp-content/plugins/woocommerce/includes/class-wc-data-store.php on line 107

2023-05-09T07:23:06+00:00 CRITICAL Uncaught Exception: Invalid data store. in /var/www/wptbox/wp-content/plugins/woocommerce/includes/class-wc-data-store.php:107
Stack trace:
#0 /var/www/wptbox/wp-content/plugins/woocommerce/includes/class-wc-data-store.php(139): WC_Data_Store->__construct()
#1 /var/www/wptbox/wp-content/plugins/woocommerce/includes/wc-order-functions.php(378): WC_Data_Store::load()
#2 [internal function]: wc_orders_count()
#3 /var/www/wptbox/wp-content/plugins/woocommerce/src/Internal/Admin/Notes/OrderMilestones.php(116): array_map()
#4 /var/www/wptbox/wp-content/plugins/woocommerce/src/Internal/Admin/Notes/OrderMilestones.php(164): Automattic\WooCommerce\Internal\Admin\Notes\OrderMilestones->get_orders_count()
#5 /var/www/wptbox/wp-content/plugins/woocommerce/src/Internal/Admin/Notes/OrderMilestones.php(345): Automattic\WooCommerce\Internal\Admin\Notes\OrderMilestones->get_current_milestone()
#6 /var/www/wptbox/wp-content/plugins/woocommerce/src/Internal/Admin/Notes/OrderMilestones.php(358): Automattic\WooCommerce\Internal\Admin\Notes\OrderMilestones->can_be_added()
#7 /var/www/wptbox/wp-includes/class-wp-hook.php(308): Automattic\WooCommerce\Internal\Admin\Notes\OrderMilestones->possibly_add_note()
#8 /var/www/wptbox/wp-includes/class-wp-hook.php(332): WP_Hook->apply_filters()
#9 /var/www/wptbox/wp-includes/plugin.php(565): WP_Hook->do_action()
#10 /var/www/wptbox/wp-cron.php(188): do_action_ref_array()
#11 {main}
  thrown in /var/www/wptbox/wp-content/plugins/woocommerce/includes/class-wc-data-store.php on line 107

2023-05-09T08:22:04+00:00 CRITICAL Uncaught Exception: Invalid data store. in /var/www/wptbox/wp-content/plugins/woocommerce/includes/class-wc-data-store.php:107
Stack trace:
#0 /var/www/wptbox/wp-content/plugins/woocommerce/includes/class-wc-data-store.php(139): WC_Data_Store->__construct()
#1 /var/www/wptbox/wp-content/plugins/woocommerce/includes/wc-order-functions.php(378): WC_Data_Store::load()
#2 [internal function]: wc_orders_count()
#3 /var/www/wptbox/wp-content/plugins/woocommerce/src/Internal/Admin/Notes/OrderMilestones.php(116): array_map()
#4 /var/www/wptbox/wp-content/plugins/woocommerce/src/Internal/Admin/Notes/OrderMilestones.php(164): Automattic\WooCommerce\Internal\Admin\Notes\OrderMilestones->get_orders_count()
#5 /var/www/wptbox/wp-content/plugins/woocommerce/src/Internal/Admin/Notes/OrderMilestones.php(345): Automattic\WooCommerce\Internal\Admin\Notes\OrderMilestones->get_current_milestone()
#6 /var/www/wptbox/wp-content/plugins/woocommerce/src/Internal/Admin/Notes/OrderMilestones.php(358): Automattic\WooCommerce\Internal\Admin\Notes\OrderMilestones->can_be_added()
#7 /var/www/wptbox/wp-includes/class-wp-hook.php(308): Automattic\WooCommerce\Internal\Admin\Notes\OrderMilestones->possibly_add_note()
#8 /var/www/wptbox/wp-includes/class-wp-hook.php(332): WP_Hook->apply_filters()
#9 /var/www/wptbox/wp-includes/plugin.php(565): WP_Hook->do_action()
#10 /var/www/wptbox/wp-cron.php(188): do_action_ref_array()
#11 {main}
  thrown in /var/www/wptbox/wp-content/plugins/woocommerce/includes/class-wc-data-store.php on line 107

2023-05-09T09:22:16+00:00 CRITICAL Uncaught Exception: Invalid data store. in /var/www/wptbox/wp-content/plugins/woocommerce/includes/class-wc-data-store.php:107
Stack trace:
#0 /var/www/wptbox/wp-content/plugins/woocommerce/includes/class-wc-data-store.php(139): WC_Data_Store->__construct()
#1 /var/www/wptbox/wp-content/plugins/woocommerce/includes/wc-order-functions.php(378): WC_Data_Store::load()
#2 [internal function]: wc_orders_count()
#3 /var/www/wptbox/wp-content/plugins/woocommerce/src/Internal/Admin/Notes/OrderMilestones.php(116): array_map()
#4 /var/www/wptbox/wp-content/plugins/woocommerce/src/Internal/Admin/Notes/OrderMilestones.php(164): Automattic\WooCommerce\Internal\Admin\Notes\OrderMilestones->get_orders_count()
#5 /var/www/wptbox/wp-content/plugins/woocommerce/src/Internal/Admin/Notes/OrderMilestones.php(345): Automattic\WooCommerce\Internal\Admin\Notes\OrderMilestones->get_current_milestone()
#6 /var/www/wptbox/wp-content/plugins/woocommerce/src/Internal/Admin/Notes/OrderMilestones.php(358): Automattic\WooCommerce\Internal\Admin\Notes\OrderMilestones->can_be_added()
#7 /var/www/wptbox/wp-includes/class-wp-hook.php(308): Automattic\WooCommerce\Internal\Admin\Notes\OrderMilestones->possibly_add_note()
#8 /var/www/wptbox/wp-includes/class-wp-hook.php(332): WP_Hook->apply_filters()
#9 /var/www/wptbox/wp-includes/plugin.php(565): WP_Hook->do_action()
#10 /var/www/wptbox/wp-cron.php(188): do_action_ref_array()
#11 {main}
  thrown in /var/www/wptbox/wp-content/plugins/woocommerce/includes/class-wc-data-store.php on line 107

2023-05-09T10:27:41+00:00 CRITICAL Uncaught Exception: Invalid data store. in /var/www/wptbox/wp-content/plugins/woocommerce/includes/class-wc-data-store.php:107
Stack trace:
#0 /var/www/wptbox/wp-content/plugins/woocommerce/includes/class-wc-data-store.php(139): WC_Data_Store->__construct()
#1 /var/www/wptbox/wp-content/plugins/woocommerce/includes/wc-order-functions.php(378): WC_Data_Store::load()
#2 [internal function]: wc_orders_count()
#3 /var/www/wptbox/wp-content/plugins/woocommerce/src/Admin/RemoteInboxNotifications/OrdersProvider.php(31): array_map()
#4 /var/www/wptbox/wp-content/plugins/woocommerce/src/Admin/RemoteInboxNotifications/OrderCountRuleProcessor.php(34): Automattic\WooCommerce\Admin\RemoteInboxNotifications\OrdersProvider->get_order_count()
#5 /var/www/wptbox/wp-content/plugins/woocommerce/src/Admin/RemoteInboxNotifications/RuleEvaluator.php(71): Automattic\WooCommerce\Admin\RemoteInboxNotifications\OrderCountRuleProcessor->process()
#6 /var/www/wptbox/wp-content/plugins/woocommerce/src/Admin/RemoteInboxNotifications/EvaluateAndGetStatus.php(37): Automattic\WooCommerce\Admin\RemoteInboxNotifications\RuleEvaluator->evaluate()
#7 /var/www/wptbox/wp-content/plugins/woocommerce/src/Admin/RemoteInboxNotifications/SpecRunner.php(44): Automattic\WooCommerce\Admin\RemoteInboxNotifications\EvaluateAndGetStatus::evaluate()
#8 /var/www/wptbox/wp-content/plugins/woocommerce/src/Admin/RemoteInboxNotifications/RemoteInboxNotificationsEngine.php(121): Automattic\WooCommerce\Admin\RemoteInboxNotifications\SpecRunner::run_spec()
#9 /var/www/wptbox/wp-content/plugins/woocommerce/src/Internal/Admin/Events.php(152): Automattic\WooCommerce\Admin\RemoteInboxNotifications\RemoteInboxNotificationsEngine::run()
#10 /var/www/wptbox/wp-includes/class-wp-hook.php(308): Automattic\WooCommerce\Internal\Admin\Events->do_wc_admin_daily()
#11 /var/www/wptbox/wp-includes/class-wp-hook.php(332): WP_Hook->apply_filters()
#12 /var/www/wptbox/wp-includes/plugin.php(565): WP_Hook->do_action()
#13 /var/www/wptbox/wp-cron.php(188): do_action_ref_array()
#14 {main}
  thrown in /var/www/wptbox/wp-content/plugins/woocommerce/includes/class-wc-data-store.php on line 107

2023-05-09T10:29:18+00:00 CRITICAL Uncaught Exception: Invalid data store. in /var/www/wptbox/wp-content/plugins/woocommerce/includes/class-wc-data-store.php:107
Stack trace:
#0 /var/www/wptbox/wp-content/plugins/woocommerce/includes/class-wc-data-store.php(139): WC_Data_Store->__construct()
#1 /var/www/wptbox/wp-content/plugins/woocommerce/includes/wc-order-functions.php(378): WC_Data_Store::load()
#2 [internal function]: wc_orders_count()
#3 /var/www/wptbox/wp-content/plugins/woocommerce/src/Internal/Admin/Notes/OrderMilestones.php(116): array_map()
#4 /var/www/wptbox/wp-content/plugins/woocommerce/src/Internal/Admin/Notes/OrderMilestones.php(164): Automattic\WooCommerce\Internal\Admin\Notes\OrderMilestones->get_orders_count()
#5 /var/www/wptbox/wp-content/plugins/woocommerce/src/Internal/Admin/Notes/OrderMilestones.php(345): Automattic\WooCommerce\Internal\Admin\Notes\OrderMilestones->get_current_milestone()
#6 /var/www/wptbox/wp-content/plugins/woocommerce/src/Internal/Admin/Notes/OrderMilestones.php(358): Automattic\WooCommerce\Internal\Admin\Notes\OrderMilestones->can_be_added()
#7 /var/www/wptbox/wp-includes/class-wp-hook.php(308): Automattic\WooCommerce\Internal\Admin\Notes\OrderMilestones->possibly_add_note()
#8 /var/www/wptbox/wp-includes/class-wp-hook.php(332): WP_Hook->apply_filters()
#9 /var/www/wptbox/wp-includes/plugin.php(565): WP_Hook->do_action()
#10 /var/www/wptbox/wp-cron.php(188): do_action_ref_array()
#11 {main}
  thrown in /var/www/wptbox/wp-content/plugins/woocommerce/includes/class-wc-data-store.php on line 107

2023-05-09T11:24:52+00:00 CRITICAL Uncaught Exception: Invalid data store. in /var/www/wptbox/wp-content/plugins/woocommerce/includes/class-wc-data-store.php:107
Stack trace:
#0 /var/www/wptbox/wp-content/plugins/woocommerce/includes/class-wc-data-store.php(139): WC_Data_Store->__construct()
#1 /var/www/wptbox/wp-content/plugins/woocommerce/includes/wc-order-functions.php(378): WC_Data_Store::load()
#2 [internal function]: wc_orders_count()
#3 /var/www/wptbox/wp-content/plugins/woocommerce/src/Internal/Admin/Notes/OrderMilestones.php(116): array_map()
#4 /var/www/wptbox/wp-content/plugins/woocommerce/src/Internal/Admin/Notes/OrderMilestones.php(164): Automattic\WooCommerce\Internal\Admin\Notes\OrderMilestones->get_orders_count()
#5 /var/www/wptbox/wp-content/plugins/woocommerce/src/Internal/Admin/Notes/OrderMilestones.php(345): Automattic\WooCommerce\Internal\Admin\Notes\OrderMilestones->get_current_milestone()
#6 /var/www/wptbox/wp-content/plugins/woocommerce/src/Internal/Admin/Notes/OrderMilestones.php(358): Automattic\WooCommerce\Internal\Admin\Notes\OrderMilestones->can_be_added()
#7 /var/www/wptbox/wp-includes/class-wp-hook.php(308): Automattic\WooCommerce\Internal\Admin\Notes\OrderMilestones->possibly_add_note()
#8 /var/www/wptbox/wp-includes/class-wp-hook.php(332): WP_Hook->apply_filters()
#9 /var/www/wptbox/wp-includes/plugin.php(565): WP_Hook->do_action()
#10 /var/www/wptbox/wp-cron.php(188): do_action_ref_array()
#11 {main}
  thrown in /var/www/wptbox/wp-content/plugins/woocommerce/includes/class-wc-data-store.php on line 107

2023-05-09T12:32:44+00:00 CRITICAL Uncaught Exception: Invalid data store. in /var/www/wptbox/wp-content/plugins/woocommerce/includes/class-wc-data-store.php:107
Stack trace:
#0 /var/www/wptbox/wp-content/plugins/woocommerce/includes/class-wc-data-store.php(139): WC_Data_Store->__construct()
#1 /var/www/wptbox/wp-content/plugins/woocommerce/includes/wc-order-functions.php(378): WC_Data_Store::load()
#2 [internal function]: wc_orders_count()
#3 /var/www/wptbox/wp-content/plugins/woocommerce/src/Internal/Admin/Notes/OrderMilestones.php(116): array_map()
#4 /var/www/wptbox/wp-content/plugins/woocommerce/src/Internal/Admin/Notes/OrderMilestones.php(164): Automattic\WooCommerce\Internal\Admin\Notes\OrderMilestones->get_orders_count()
#5 /var/www/wptbox/wp-content/plugins/woocommerce/src/Internal/Admin/Notes/OrderMilestones.php(345): Automattic\WooCommerce\Internal\Admin\Notes\OrderMilestones->get_current_milestone()
#6 /var/www/wptbox/wp-content/plugins/woocommerce/src/Internal/Admin/Notes/OrderMilestones.php(358): Automattic\WooCommerce\Internal\Admin\Notes\OrderMilestones->can_be_added()
#7 /var/www/wptbox/wp-includes/class-wp-hook.php(308): Automattic\WooCommerce\Internal\Admin\Notes\OrderMilestones->possibly_add_note()
#8 /var/www/wptbox/wp-includes/class-wp-hook.php(332): WP_Hook->apply_filters()
#9 /var/www/wptbox/wp-includes/plugin.php(565): WP_Hook->do_action()
#10 /var/www/wptbox/wp-cron.php(188): do_action_ref_array()
#11 {main}
  thrown in /var/www/wptbox/wp-content/plugins/woocommerce/includes/class-wc-data-store.php on line 107

2023-05-09T13:27:59+00:00 CRITICAL Uncaught Exception: Invalid data store. in /var/www/wptbox/wp-content/plugins/woocommerce/includes/class-wc-data-store.php:107
Stack trace:
#0 /var/www/wptbox/wp-content/plugins/woocommerce/includes/class-wc-data-store.php(139): WC_Data_Store->__construct()
#1 /var/www/wptbox/wp-content/plugins/woocommerce/includes/wc-order-functions.php(378): WC_Data_Store::load()
#2 [internal function]: wc_orders_count()
#3 /var/www/wptbox/wp-content/plugins/woocommerce/src/Internal/Admin/Notes/OrderMilestones.php(116): array_map()
#4 /var/www/wptbox/wp-content/plugins/woocommerce/src/Internal/Admin/Notes/OrderMilestones.php(164): Automattic\WooCommerce\Internal\Admin\Notes\OrderMilestones->get_orders_count()
#5 /var/www/wptbox/wp-content/plugins/woocommerce/src/Internal/Admin/Notes/OrderMilestones.php(345): Automattic\WooCommerce\Internal\Admin\Notes\OrderMilestones->get_current_milestone()
#6 /var/www/wptbox/wp-content/plugins/woocommerce/src/Internal/Admin/Notes/OrderMilestones.php(358): Automattic\WooCommerce\Internal\Admin\Notes\OrderMilestones->can_be_added()
#7 /var/www/wptbox/wp-includes/class-wp-hook.php(308): Automattic\WooCommerce\Internal\Admin\Notes\OrderMilestones->possibly_add_note()
#8 /var/www/wptbox/wp-includes/class-wp-hook.php(332): WP_Hook->apply_filters()
#9 /var/www/wptbox/wp-includes/plugin.php(565): WP_Hook->do_action()
#10 /var/www/wptbox/wp-cron.php(188): do_action_ref_array()
#11 {main}
  thrown in /var/www/wptbox/wp-content/plugins/woocommerce/includes/class-wc-data-store.php on line 107

2023-05-09T15:03:48+00:00 CRITICAL Uncaught Exception: Invalid data store. in /var/www/wptbox/wp-content/plugins/woocommerce/includes/class-wc-data-store.php:107
Stack trace:
#0 /var/www/wptbox/wp-content/plugins/woocommerce/includes/class-wc-data-store.php(139): WC_Data_Store->__construct()
#1 /var/www/wptbox/wp-content/plugins/woocommerce/includes/wc-order-functions.php(378): WC_Data_Store::load()
#2 [internal function]: wc_orders_count()
#3 /var/www/wptbox/wp-content/plugins/woocommerce/src/Internal/Admin/Notes/OrderMilestones.php(116): array_map()
#4 /var/www/wptbox/wp-content/plugins/woocommerce/src/Internal/Admin/Notes/OrderMilestones.php(164): Automattic\WooCommerce\Internal\Admin\Notes\OrderMilestones->get_orders_count()
#5 /var/www/wptbox/wp-content/plugins/woocommerce/src/Internal/Admin/Notes/OrderMilestones.php(345): Automattic\WooCommerce\Internal\Admin\Notes\OrderMilestones->get_current_milestone()
#6 /var/www/wptbox/wp-content/plugins/woocommerce/src/Internal/Admin/Notes/OrderMilestones.php(358): Automattic\WooCommerce\Internal\Admin\Notes\OrderMilestones->can_be_added()
#7 /var/www/wptbox/wp-includes/class-wp-hook.php(308): Automattic\WooCommerce\Internal\Admin\Notes\OrderMilestones->possibly_add_note()
#8 /var/www/wptbox/wp-includes/class-wp-hook.php(332): WP_Hook->apply_filters()
#9 /var/www/wptbox/wp-includes/plugin.php(565): WP_Hook->do_action()
#10 /var/www/wptbox/wp-cron.php(188): do_action_ref_array()
#11 {main}
  thrown in /var/www/wptbox/wp-content/plugins/woocommerce/includes/class-wc-data-store.php on line 107

2023-05-09T15:22:49+00:00 CRITICAL Uncaught Exception: Invalid data store. in /var/www/wptbox/wp-content/plugins/woocommerce/includes/class-wc-data-store.php:107
Stack trace:
#0 /var/www/wptbox/wp-content/plugins/woocommerce/includes/class-wc-data-store.php(139): WC_Data_Store->__construct()
#1 /var/www/wptbox/wp-content/plugins/woocommerce/includes/wc-order-functions.php(378): WC_Data_Store::load()
#2 [internal function]: wc_orders_count()
#3 /var/www/wptbox/wp-content/plugins/woocommerce/src/Internal/Admin/Notes/OrderMilestones.php(116): array_map()
#4 /var/www/wptbox/wp-content/plugins/woocommerce/src/Internal/Admin/Notes/OrderMilestones.php(164): Automattic\WooCommerce\Internal\Admin\Notes\OrderMilestones->get_orders_count()
#5 /var/www/wptbox/wp-content/plugins/woocommerce/src/Internal/Admin/Notes/OrderMilestones.php(345): Automattic\WooCommerce\Internal\Admin\Notes\OrderMilestones->get_current_milestone()
#6 /var/www/wptbox/wp-content/plugins/woocommerce/src/Internal/Admin/Notes/OrderMilestones.php(358): Automattic\WooCommerce\Internal\Admin\Notes\OrderMilestones->can_be_added()
#7 /var/www/wptbox/wp-includes/class-wp-hook.php(308): Automattic\WooCommerce\Internal\Admin\Notes\OrderMilestones->possibly_add_note()
#8 /var/www/wptbox/wp-includes/class-wp-hook.php(332): WP_Hook->apply_filters()
#9 /var/www/wptbox/wp-includes/plugin.php(565): WP_Hook->do_action()
#10 /var/www/wptbox/wp-cron.php(188): do_action_ref_array()
#11 {main}
  thrown in /var/www/wptbox/wp-content/plugins/woocommerce/includes/class-wc-data-store.php on line 107

2023-05-09T16:26:37+00:00 CRITICAL Uncaught Exception: Invalid data store. in /var/www/wptbox/wp-content/plugins/woocommerce/includes/class-wc-data-store.php:107
Stack trace:
#0 /var/www/wptbox/wp-content/plugins/woocommerce/includes/class-wc-data-store.php(139): WC_Data_Store->__construct()
#1 /var/www/wptbox/wp-content/plugins/woocommerce/includes/wc-order-functions.php(378): WC_Data_Store::load()
#2 [internal function]: wc_orders_count()
#3 /var/www/wptbox/wp-content/plugins/woocommerce/src/Internal/Admin/Notes/OrderMilestones.php(116): array_map()
#4 /var/www/wptbox/wp-content/plugins/woocommerce/src/Internal/Admin/Notes/OrderMilestones.php(164): Automattic\WooCommerce\Internal\Admin\Notes\OrderMilestones->get_orders_count()
#5 /var/www/wptbox/wp-content/plugins/woocommerce/src/Internal/Admin/Notes/OrderMilestones.php(345): Automattic\WooCommerce\Internal\Admin\Notes\OrderMilestones->get_current_milestone()
#6 /var/www/wptbox/wp-content/plugins/woocommerce/src/Internal/Admin/Notes/OrderMilestones.php(358): Automattic\WooCommerce\Internal\Admin\Notes\OrderMilestones->can_be_added()
#7 /var/www/wptbox/wp-includes/class-wp-hook.php(308): Automattic\WooCommerce\Internal\Admin\Notes\OrderMilestones->possibly_add_note()
#8 /var/www/wptbox/wp-includes/class-wp-hook.php(332): WP_Hook->apply_filters()
#9 /var/www/wptbox/wp-includes/plugin.php(565): WP_Hook->do_action()
#10 /var/www/wptbox/wp-cron.php(188): do_action_ref_array()
#11 {main}
  thrown in /var/www/wptbox/wp-content/plugins/woocommerce/includes/class-wc-data-store.php on line 107

2023-05-09T17:29:34+00:00 CRITICAL Uncaught Exception: Invalid data store. in /var/www/wptbox/wp-content/plugins/woocommerce/includes/class-wc-data-store.php:107
Stack trace:
#0 /var/www/wptbox/wp-content/plugins/woocommerce/includes/class-wc-data-store.php(139): WC_Data_Store->__construct()
#1 /var/www/wptbox/wp-content/plugins/woocommerce/includes/wc-order-functions.php(378): WC_Data_Store::load()
#2 [internal function]: wc_orders_count()
#3 /var/www/wptbox/wp-content/plugins/woocommerce/src/Internal/Admin/Notes/OrderMilestones.php(116): array_map()
#4 /var/www/wptbox/wp-content/plugins/woocommerce/src/Internal/Admin/Notes/OrderMilestones.php(164): Automattic\WooCommerce\Internal\Admin\Notes\OrderMilestones->get_orders_count()
#5 /var/www/wptbox/wp-content/plugins/woocommerce/src/Internal/Admin/Notes/OrderMilestones.php(345): Automattic\WooCommerce\Internal\Admin\Notes\OrderMilestones->get_current_milestone()
#6 /var/www/wptbox/wp-content/plugins/woocommerce/src/Internal/Admin/Notes/OrderMilestones.php(358): Automattic\WooCommerce\Internal\Admin\Notes\OrderMilestones->can_be_added()
#7 /var/www/wptbox/wp-includes/class-wp-hook.php(308): Automattic\WooCommerce\Internal\Admin\Notes\OrderMilestones->possibly_add_note()
#8 /var/www/wptbox/wp-includes/class-wp-hook.php(332): WP_Hook->apply_filters()
#9 /var/www/wptbox/wp-includes/plugin.php(565): WP_Hook->do_action()
#10 /var/www/wptbox/wp-cron.php(188): do_action_ref_array()
#11 {main}
  thrown in /var/www/wptbox/wp-content/plugins/woocommerce/includes/class-wc-data-store.php on line 107

2023-05-09T18:22:10+00:00 CRITICAL Uncaught Exception: Invalid data store. in /var/www/wptbox/wp-content/plugins/woocommerce/includes/class-wc-data-store.php:107
Stack trace:
#0 /var/www/wptbox/wp-content/plugins/woocommerce/includes/class-wc-data-store.php(139): WC_Data_Store->__construct()
#1 /var/www/wptbox/wp-content/plugins/woocommerce/includes/wc-order-functions.php(378): WC_Data_Store::load()
#2 [internal function]: wc_orders_count()
#3 /var/www/wptbox/wp-content/plugins/woocommerce/src/Internal/Admin/Notes/OrderMilestones.php(116): array_map()
#4 /var/www/wptbox/wp-content/plugins/woocommerce/src/Internal/Admin/Notes/OrderMilestones.php(164): Automattic\WooCommerce\Internal\Admin\Notes\OrderMilestones->get_orders_count()
#5 /var/www/wptbox/wp-content/plugins/woocommerce/src/Internal/Admin/Notes/OrderMilestones.php(345): Automattic\WooCommerce\Internal\Admin\Notes\OrderMilestones->get_current_milestone()
#6 /var/www/wptbox/wp-content/plugins/woocommerce/src/Internal/Admin/Notes/OrderMilestones.php(358): Automattic\WooCommerce\Internal\Admin\Notes\OrderMilestones->can_be_added()
#7 /var/www/wptbox/wp-includes/class-wp-hook.php(308): Automattic\WooCommerce\Internal\Admin\Notes\OrderMilestones->possibly_add_note()
#8 /var/www/wptbox/wp-includes/class-wp-hook.php(332): WP_Hook->apply_filters()
#9 /var/www/wptbox/wp-includes/plugin.php(565): WP_Hook->do_action()
#10 /var/www/wptbox/wp-cron.php(188): do_action_ref_array()
#11 {main}
  thrown in /var/www/wptbox/wp-content/plugins/woocommerce/includes/class-wc-data-store.php on line 107

2023-05-09T19:44:34+00:00 CRITICAL Uncaught Exception: Invalid data store. in /var/www/wptbox/wp-content/plugins/woocommerce/includes/class-wc-data-store.php:107
Stack trace:
#0 /var/www/wptbox/wp-content/plugins/woocommerce/includes/class-wc-data-store.php(139): WC_Data_Store->__construct()
#1 /var/www/wptbox/wp-content/plugins/woocommerce/includes/wc-order-functions.php(378): WC_Data_Store::load()
#2 [internal function]: wc_orders_count()
#3 /var/www/wptbox/wp-content/plugins/woocommerce/src/Internal/Admin/Notes/OrderMilestones.php(116): array_map()
#4 /var/www/wptbox/wp-content/plugins/woocommerce/src/Internal/Admin/Notes/OrderMilestones.php(164): Automattic\WooCommerce\Internal\Admin\Notes\OrderMilestones->get_orders_count()
#5 /var/www/wptbox/wp-content/plugins/woocommerce/src/Internal/Admin/Notes/OrderMilestones.php(345): Automattic\WooCommerce\Internal\Admin\Notes\OrderMilestones->get_current_milestone()
#6 /var/www/wptbox/wp-content/plugins/woocommerce/src/Internal/Admin/Notes/OrderMilestones.php(358): Automattic\WooCommerce\Internal\Admin\Notes\OrderMilestones->can_be_added()
#7 /var/www/wptbox/wp-includes/class-wp-hook.php(308): Automattic\WooCommerce\Internal\Admin\Notes\OrderMilestones->possibly_add_note()
#8 /var/www/wptbox/wp-includes/class-wp-hook.php(332): WP_Hook->apply_filters()
#9 /var/www/wptbox/wp-includes/plugin.php(565): WP_Hook->do_action()
#10 /var/www/wptbox/wp-cron.php(188): do_action_ref_array()
#11 {main}
  thrown in /var/www/wptbox/wp-content/plugins/woocommerce/includes/class-wc-data-store.php on line 107

2023-05-09T20:22:47+00:00 CRITICAL Uncaught Exception: Invalid data store. in /var/www/wptbox/wp-content/plugins/woocommerce/includes/class-wc-data-store.php:107
Stack trace:
#0 /var/www/wptbox/wp-content/plugins/woocommerce/includes/class-wc-data-store.php(139): WC_Data_Store->__construct()
#1 /var/www/wptbox/wp-content/plugins/woocommerce/includes/wc-order-functions.php(378): WC_Data_Store::load()
#2 [internal function]: wc_orders_count()
#3 /var/www/wptbox/wp-content/plugins/woocommerce/src/Internal/Admin/Notes/OrderMilestones.php(116): array_map()
#4 /var/www/wptbox/wp-content/plugins/woocommerce/src/Internal/Admin/Notes/OrderMilestones.php(164): Automattic\WooCommerce\Internal\Admin\Notes\OrderMilestones->get_orders_count()
#5 /var/www/wptbox/wp-content/plugins/woocommerce/src/Internal/Admin/Notes/OrderMilestones.php(345): Automattic\WooCommerce\Internal\Admin\Notes\OrderMilestones->get_current_milestone()
#6 /var/www/wptbox/wp-content/plugins/woocommerce/src/Internal/Admin/Notes/OrderMilestones.php(358): Automattic\WooCommerce\Internal\Admin\Notes\OrderMilestones->can_be_added()
#7 /var/www/wptbox/wp-includes/class-wp-hook.php(308): Automattic\WooCommerce\Internal\Admin\Notes\OrderMilestones->possibly_add_note()
#8 /var/www/wptbox/wp-includes/class-wp-hook.php(332): WP_Hook->apply_filters()
#9 /var/www/wptbox/wp-includes/plugin.php(565): WP_Hook->do_action()
#10 /var/www/wptbox/wp-cron.php(188): do_action_ref_array()
#11 {main}
  thrown in /var/www/wptbox/wp-content/plugins/woocommerce/includes/class-wc-data-store.php on line 107

2023-05-09T21:25:14+00:00 CRITICAL Uncaught Exception: Invalid data store. in /var/www/wptbox/wp-content/plugins/woocommerce/includes/class-wc-data-store.php:107
Stack trace:
#0 /var/www/wptbox/wp-content/plugins/woocommerce/includes/class-wc-data-store.php(139): WC_Data_Store->__construct()
#1 /var/www/wptbox/wp-content/plugins/woocommerce/includes/wc-order-functions.php(378): WC_Data_Store::load()
#2 [internal function]: wc_orders_count()
#3 /var/www/wptbox/wp-content/plugins/woocommerce/src/Internal/Admin/Notes/OrderMilestones.php(116): array_map()
#4 /var/www/wptbox/wp-content/plugins/woocommerce/src/Internal/Admin/Notes/OrderMilestones.php(164): Automattic\WooCommerce\Internal\Admin\Notes\OrderMilestones->get_orders_count()
#5 /var/www/wptbox/wp-content/plugins/woocommerce/src/Internal/Admin/Notes/OrderMilestones.php(345): Automattic\WooCommerce\Internal\Admin\Notes\OrderMilestones->get_current_milestone()
#6 /var/www/wptbox/wp-content/plugins/woocommerce/src/Internal/Admin/Notes/OrderMilestones.php(358): Automattic\WooCommerce\Internal\Admin\Notes\OrderMilestones->can_be_added()
#7 /var/www/wptbox/wp-includes/class-wp-hook.php(308): Automattic\WooCommerce\Internal\Admin\Notes\OrderMilestones->possibly_add_note()
#8 /var/www/wptbox/wp-includes/class-wp-hook.php(332): WP_Hook->apply_filters()
#9 /var/www/wptbox/wp-includes/plugin.php(565): WP_Hook->do_action()
#10 /var/www/wptbox/wp-cron.php(188): do_action_ref_array()
#11 {main}
  thrown in /var/www/wptbox/wp-content/plugins/woocommerce/includes/class-wc-data-store.php on line 107

2023-05-09T22:23:30+00:00 CRITICAL Uncaught Exception: Invalid data store. in /var/www/wptbox/wp-content/plugins/woocommerce/includes/class-wc-data-store.php:107
Stack trace:
#0 /var/www/wptbox/wp-content/plugins/woocommerce/includes/class-wc-data-store.php(139): WC_Data_Store->__construct()
#1 /var/www/wptbox/wp-content/plugins/woocommerce/includes/wc-order-functions.php(378): WC_Data_Store::load()
#2 [internal function]: wc_orders_count()
#3 /var/www/wptbox/wp-content/plugins/woocommerce/src/Internal/Admin/Notes/OrderMilestones.php(116): array_map()
#4 /var/www/wptbox/wp-content/plugins/woocommerce/src/Internal/Admin/Notes/OrderMilestones.php(164): Automattic\WooCommerce\Internal\Admin\Notes\OrderMilestones->get_orders_count()
#5 /var/www/wptbox/wp-content/plugins/woocommerce/src/Internal/Admin/Notes/OrderMilestones.php(345): Automattic\WooCommerce\Internal\Admin\Notes\OrderMilestones->get_current_milestone()
#6 /var/www/wptbox/wp-content/plugins/woocommerce/src/Internal/Admin/Notes/OrderMilestones.php(358): Automattic\WooCommerce\Internal\Admin\Notes\OrderMilestones->can_be_added()
#7 /var/www/wptbox/wp-includes/class-wp-hook.php(308): Automattic\WooCommerce\Internal\Admin\Notes\OrderMilestones->possibly_add_note()
#8 /var/www/wptbox/wp-includes/class-wp-hook.php(332): WP_Hook->apply_filters()
#9 /var/www/wptbox/wp-includes/plugin.php(565): WP_Hook->do_action()
#10 /var/www/wptbox/wp-cron.php(188): do_action_ref_array()
#11 {main}
  thrown in /var/www/wptbox/wp-content/plugins/woocommerce/includes/class-wc-data-store.php on line 107

2023-05-09T23:24:56+00:00 CRITICAL Uncaught Exception: Invalid data store. in /var/www/wptbox/wp-content/plugins/woocommerce/includes/class-wc-data-store.php:107
Stack trace:
#0 /var/www/wptbox/wp-content/plugins/woocommerce/includes/class-wc-data-store.php(139): WC_Data_Store->__construct()
#1 /var/www/wptbox/wp-content/plugins/woocommerce/includes/wc-order-functions.php(378): WC_Data_Store::load()
#2 [internal function]: wc_orders_count()
#3 /var/www/wptbox/wp-content/plugins/woocommerce/src/Internal/Admin/Notes/OrderMilestones.php(116): array_map()
#4 /var/www/wptbox/wp-content/plugins/woocommerce/src/Internal/Admin/Notes/OrderMilestones.php(164): Automattic\WooCommerce\Internal\Admin\Notes\OrderMilestones->get_orders_count()
#5 /var/www/wptbox/wp-content/plugins/woocommerce/src/Internal/Admin/Notes/OrderMilestones.php(345): Automattic\WooCommerce\Internal\Admin\Notes\OrderMilestones->get_current_milestone()
#6 /var/www/wptbox/wp-content/plugins/woocommerce/src/Internal/Admin/Notes/OrderMilestones.php(358): Automattic\WooCommerce\Internal\Admin\Notes\OrderMilestones->can_be_added()
#7 /var/www/wptbox/wp-includes/class-wp-hook.php(308): Automattic\WooCommerce\Internal\Admin\Notes\OrderMilestones->possibly_add_note()
#8 /var/www/wptbox/wp-includes/class-wp-hook.php(332): WP_Hook->apply_filters()
#9 /var/www/wptbox/wp-includes/plugin.php(565): WP_Hook->do_action()
#10 /var/www/wptbox/wp-cron.php(188): do_action_ref_array()
#11 {main}
  thrown in /var/www/wptbox/wp-content/plugins/woocommerce/includes/class-wc-data-store.php on line 107

