2023-05-10T00:22:54+00:00 CRITICAL Uncaught Exception: Invalid data store. in /var/www/wptbox/wp-content/plugins/woocommerce/includes/class-wc-data-store.php:107
Stack trace:
#0 /var/www/wptbox/wp-content/plugins/woocommerce/includes/class-wc-data-store.php(139): WC_Data_Store->__construct()
#1 /var/www/wptbox/wp-content/plugins/woocommerce/includes/wc-order-functions.php(378): WC_Data_Store::load()
#2 [internal function]: wc_orders_count()
#3 /var/www/wptbox/wp-content/plugins/woocommerce/src/Internal/Admin/Notes/OrderMilestones.php(116): array_map()
#4 /var/www/wptbox/wp-content/plugins/woocommerce/src/Internal/Admin/Notes/OrderMilestones.php(164): Automattic\WooCommerce\Internal\Admin\Notes\OrderMilestones->get_orders_count()
#5 /var/www/wptbox/wp-content/plugins/woocommerce/src/Internal/Admin/Notes/OrderMilestones.php(345): Automattic\WooCommerce\Internal\Admin\Notes\OrderMilestones->get_current_milestone()
#6 /var/www/wptbox/wp-content/plugins/woocommerce/src/Internal/Admin/Notes/OrderMilestones.php(358): Automattic\WooCommerce\Internal\Admin\Notes\OrderMilestones->can_be_added()
#7 /var/www/wptbox/wp-includes/class-wp-hook.php(308): Automattic\WooCommerce\Internal\Admin\Notes\OrderMilestones->possibly_add_note()
#8 /var/www/wptbox/wp-includes/class-wp-hook.php(332): WP_Hook->apply_filters()
#9 /var/www/wptbox/wp-includes/plugin.php(565): WP_Hook->do_action()
#10 /var/www/wptbox/wp-cron.php(188): do_action_ref_array()
#11 {main}
  thrown in /var/www/wptbox/wp-content/plugins/woocommerce/includes/class-wc-data-store.php on line 107

2023-05-10T01:24:34+00:00 CRITICAL Uncaught Exception: Invalid data store. in /var/www/wptbox/wp-content/plugins/woocommerce/includes/class-wc-data-store.php:107
Stack trace:
#0 /var/www/wptbox/wp-content/plugins/woocommerce/includes/class-wc-data-store.php(139): WC_Data_Store->__construct()
#1 /var/www/wptbox/wp-content/plugins/woocommerce/includes/wc-order-functions.php(378): WC_Data_Store::load()
#2 [internal function]: wc_orders_count()
#3 /var/www/wptbox/wp-content/plugins/woocommerce/src/Internal/Admin/Notes/OrderMilestones.php(116): array_map()
#4 /var/www/wptbox/wp-content/plugins/woocommerce/src/Internal/Admin/Notes/OrderMilestones.php(164): Automattic\WooCommerce\Internal\Admin\Notes\OrderMilestones->get_orders_count()
#5 /var/www/wptbox/wp-content/plugins/woocommerce/src/Internal/Admin/Notes/OrderMilestones.php(345): Automattic\WooCommerce\Internal\Admin\Notes\OrderMilestones->get_current_milestone()
#6 /var/www/wptbox/wp-content/plugins/woocommerce/src/Internal/Admin/Notes/OrderMilestones.php(358): Automattic\WooCommerce\Internal\Admin\Notes\OrderMilestones->can_be_added()
#7 /var/www/wptbox/wp-includes/class-wp-hook.php(308): Automattic\WooCommerce\Internal\Admin\Notes\OrderMilestones->possibly_add_note()
#8 /var/www/wptbox/wp-includes/class-wp-hook.php(332): WP_Hook->apply_filters()
#9 /var/www/wptbox/wp-includes/plugin.php(565): WP_Hook->do_action()
#10 /var/www/wptbox/wp-cron.php(188): do_action_ref_array()
#11 {main}
  thrown in /var/www/wptbox/wp-content/plugins/woocommerce/includes/class-wc-data-store.php on line 107

2023-05-10T02:25:16+00:00 CRITICAL Uncaught Exception: Invalid data store. in /var/www/wptbox/wp-content/plugins/woocommerce/includes/class-wc-data-store.php:107
Stack trace:
#0 /var/www/wptbox/wp-content/plugins/woocommerce/includes/class-wc-data-store.php(139): WC_Data_Store->__construct()
#1 /var/www/wptbox/wp-content/plugins/woocommerce/includes/wc-order-functions.php(378): WC_Data_Store::load()
#2 [internal function]: wc_orders_count()
#3 /var/www/wptbox/wp-content/plugins/woocommerce/src/Internal/Admin/Notes/OrderMilestones.php(116): array_map()
#4 /var/www/wptbox/wp-content/plugins/woocommerce/src/Internal/Admin/Notes/OrderMilestones.php(164): Automattic\WooCommerce\Internal\Admin\Notes\OrderMilestones->get_orders_count()
#5 /var/www/wptbox/wp-content/plugins/woocommerce/src/Internal/Admin/Notes/OrderMilestones.php(345): Automattic\WooCommerce\Internal\Admin\Notes\OrderMilestones->get_current_milestone()
#6 /var/www/wptbox/wp-content/plugins/woocommerce/src/Internal/Admin/Notes/OrderMilestones.php(358): Automattic\WooCommerce\Internal\Admin\Notes\OrderMilestones->can_be_added()
#7 /var/www/wptbox/wp-includes/class-wp-hook.php(308): Automattic\WooCommerce\Internal\Admin\Notes\OrderMilestones->possibly_add_note()
#8 /var/www/wptbox/wp-includes/class-wp-hook.php(332): WP_Hook->apply_filters()
#9 /var/www/wptbox/wp-includes/plugin.php(565): WP_Hook->do_action()
#10 /var/www/wptbox/wp-cron.php(188): do_action_ref_array()
#11 {main}
  thrown in /var/www/wptbox/wp-content/plugins/woocommerce/includes/class-wc-data-store.php on line 107

2023-05-10T03:30:02+00:00 CRITICAL Uncaught Exception: Invalid data store. in /var/www/wptbox/wp-content/plugins/woocommerce/includes/class-wc-data-store.php:107
Stack trace:
#0 /var/www/wptbox/wp-content/plugins/woocommerce/includes/class-wc-data-store.php(139): WC_Data_Store->__construct()
#1 /var/www/wptbox/wp-content/plugins/woocommerce/includes/wc-order-functions.php(378): WC_Data_Store::load()
#2 [internal function]: wc_orders_count()
#3 /var/www/wptbox/wp-content/plugins/woocommerce/src/Internal/Admin/Notes/OrderMilestones.php(116): array_map()
#4 /var/www/wptbox/wp-content/plugins/woocommerce/src/Internal/Admin/Notes/OrderMilestones.php(164): Automattic\WooCommerce\Internal\Admin\Notes\OrderMilestones->get_orders_count()
#5 /var/www/wptbox/wp-content/plugins/woocommerce/src/Internal/Admin/Notes/OrderMilestones.php(345): Automattic\WooCommerce\Internal\Admin\Notes\OrderMilestones->get_current_milestone()
#6 /var/www/wptbox/wp-content/plugins/woocommerce/src/Internal/Admin/Notes/OrderMilestones.php(358): Automattic\WooCommerce\Internal\Admin\Notes\OrderMilestones->can_be_added()
#7 /var/www/wptbox/wp-includes/class-wp-hook.php(308): Automattic\WooCommerce\Internal\Admin\Notes\OrderMilestones->possibly_add_note()
#8 /var/www/wptbox/wp-includes/class-wp-hook.php(332): WP_Hook->apply_filters()
#9 /var/www/wptbox/wp-includes/plugin.php(565): WP_Hook->do_action()
#10 /var/www/wptbox/wp-cron.php(188): do_action_ref_array()
#11 {main}
  thrown in /var/www/wptbox/wp-content/plugins/woocommerce/includes/class-wc-data-store.php on line 107

2023-05-10T04:32:22+00:00 CRITICAL Uncaught Exception: Invalid data store. in /var/www/wptbox/wp-content/plugins/woocommerce/includes/class-wc-data-store.php:107
Stack trace:
#0 /var/www/wptbox/wp-content/plugins/woocommerce/includes/class-wc-data-store.php(139): WC_Data_Store->__construct()
#1 /var/www/wptbox/wp-content/plugins/woocommerce/includes/wc-order-functions.php(378): WC_Data_Store::load()
#2 [internal function]: wc_orders_count()
#3 /var/www/wptbox/wp-content/plugins/woocommerce/src/Internal/Admin/Notes/OrderMilestones.php(116): array_map()
#4 /var/www/wptbox/wp-content/plugins/woocommerce/src/Internal/Admin/Notes/OrderMilestones.php(164): Automattic\WooCommerce\Internal\Admin\Notes\OrderMilestones->get_orders_count()
#5 /var/www/wptbox/wp-content/plugins/woocommerce/src/Internal/Admin/Notes/OrderMilestones.php(345): Automattic\WooCommerce\Internal\Admin\Notes\OrderMilestones->get_current_milestone()
#6 /var/www/wptbox/wp-content/plugins/woocommerce/src/Internal/Admin/Notes/OrderMilestones.php(358): Automattic\WooCommerce\Internal\Admin\Notes\OrderMilestones->can_be_added()
#7 /var/www/wptbox/wp-includes/class-wp-hook.php(308): Automattic\WooCommerce\Internal\Admin\Notes\OrderMilestones->possibly_add_note()
#8 /var/www/wptbox/wp-includes/class-wp-hook.php(332): WP_Hook->apply_filters()
#9 /var/www/wptbox/wp-includes/plugin.php(565): WP_Hook->do_action()
#10 /var/www/wptbox/wp-cron.php(188): do_action_ref_array()
#11 {main}
  thrown in /var/www/wptbox/wp-content/plugins/woocommerce/includes/class-wc-data-store.php on line 107

2023-05-10T05:29:36+00:00 CRITICAL Uncaught Exception: Invalid data store. in /var/www/wptbox/wp-content/plugins/woocommerce/includes/class-wc-data-store.php:107
Stack trace:
#0 /var/www/wptbox/wp-content/plugins/woocommerce/includes/class-wc-data-store.php(139): WC_Data_Store->__construct()
#1 /var/www/wptbox/wp-content/plugins/woocommerce/includes/wc-order-functions.php(378): WC_Data_Store::load()
#2 [internal function]: wc_orders_count()
#3 /var/www/wptbox/wp-content/plugins/woocommerce/src/Internal/Admin/Notes/OrderMilestones.php(116): array_map()
#4 /var/www/wptbox/wp-content/plugins/woocommerce/src/Internal/Admin/Notes/OrderMilestones.php(164): Automattic\WooCommerce\Internal\Admin\Notes\OrderMilestones->get_orders_count()
#5 /var/www/wptbox/wp-content/plugins/woocommerce/src/Internal/Admin/Notes/OrderMilestones.php(345): Automattic\WooCommerce\Internal\Admin\Notes\OrderMilestones->get_current_milestone()
#6 /var/www/wptbox/wp-content/plugins/woocommerce/src/Internal/Admin/Notes/OrderMilestones.php(358): Automattic\WooCommerce\Internal\Admin\Notes\OrderMilestones->can_be_added()
#7 /var/www/wptbox/wp-includes/class-wp-hook.php(308): Automattic\WooCommerce\Internal\Admin\Notes\OrderMilestones->possibly_add_note()
#8 /var/www/wptbox/wp-includes/class-wp-hook.php(332): WP_Hook->apply_filters()
#9 /var/www/wptbox/wp-includes/plugin.php(565): WP_Hook->do_action()
#10 /var/www/wptbox/wp-cron.php(188): do_action_ref_array()
#11 {main}
  thrown in /var/www/wptbox/wp-content/plugins/woocommerce/includes/class-wc-data-store.php on line 107

2023-05-10T06:26:14+00:00 CRITICAL Uncaught Exception: Invalid data store. in /var/www/wptbox/wp-content/plugins/woocommerce/includes/class-wc-data-store.php:107
Stack trace:
#0 /var/www/wptbox/wp-content/plugins/woocommerce/includes/class-wc-data-store.php(139): WC_Data_Store->__construct()
#1 /var/www/wptbox/wp-content/plugins/woocommerce/includes/wc-order-functions.php(378): WC_Data_Store::load()
#2 [internal function]: wc_orders_count()
#3 /var/www/wptbox/wp-content/plugins/woocommerce/src/Internal/Admin/Notes/OrderMilestones.php(116): array_map()
#4 /var/www/wptbox/wp-content/plugins/woocommerce/src/Internal/Admin/Notes/OrderMilestones.php(164): Automattic\WooCommerce\Internal\Admin\Notes\OrderMilestones->get_orders_count()
#5 /var/www/wptbox/wp-content/plugins/woocommerce/src/Internal/Admin/Notes/OrderMilestones.php(345): Automattic\WooCommerce\Internal\Admin\Notes\OrderMilestones->get_current_milestone()
#6 /var/www/wptbox/wp-content/plugins/woocommerce/src/Internal/Admin/Notes/OrderMilestones.php(358): Automattic\WooCommerce\Internal\Admin\Notes\OrderMilestones->can_be_added()
#7 /var/www/wptbox/wp-includes/class-wp-hook.php(308): Automattic\WooCommerce\Internal\Admin\Notes\OrderMilestones->possibly_add_note()
#8 /var/www/wptbox/wp-includes/class-wp-hook.php(332): WP_Hook->apply_filters()
#9 /var/www/wptbox/wp-includes/plugin.php(565): WP_Hook->do_action()
#10 /var/www/wptbox/wp-cron.php(188): do_action_ref_array()
#11 {main}
  thrown in /var/www/wptbox/wp-content/plugins/woocommerce/includes/class-wc-data-store.php on line 107

2023-05-10T07:23:22+00:00 CRITICAL Uncaught Exception: Invalid data store. in /var/www/wptbox/wp-content/plugins/woocommerce/includes/class-wc-data-store.php:107
Stack trace:
#0 /var/www/wptbox/wp-content/plugins/woocommerce/includes/class-wc-data-store.php(139): WC_Data_Store->__construct()
#1 /var/www/wptbox/wp-content/plugins/woocommerce/includes/wc-order-functions.php(378): WC_Data_Store::load()
#2 [internal function]: wc_orders_count()
#3 /var/www/wptbox/wp-content/plugins/woocommerce/src/Internal/Admin/Notes/OrderMilestones.php(116): array_map()
#4 /var/www/wptbox/wp-content/plugins/woocommerce/src/Internal/Admin/Notes/OrderMilestones.php(164): Automattic\WooCommerce\Internal\Admin\Notes\OrderMilestones->get_orders_count()
#5 /var/www/wptbox/wp-content/plugins/woocommerce/src/Internal/Admin/Notes/OrderMilestones.php(345): Automattic\WooCommerce\Internal\Admin\Notes\OrderMilestones->get_current_milestone()
#6 /var/www/wptbox/wp-content/plugins/woocommerce/src/Internal/Admin/Notes/OrderMilestones.php(358): Automattic\WooCommerce\Internal\Admin\Notes\OrderMilestones->can_be_added()
#7 /var/www/wptbox/wp-includes/class-wp-hook.php(308): Automattic\WooCommerce\Internal\Admin\Notes\OrderMilestones->possibly_add_note()
#8 /var/www/wptbox/wp-includes/class-wp-hook.php(332): WP_Hook->apply_filters()
#9 /var/www/wptbox/wp-includes/plugin.php(565): WP_Hook->do_action()
#10 /var/www/wptbox/wp-cron.php(188): do_action_ref_array()
#11 {main}
  thrown in /var/www/wptbox/wp-content/plugins/woocommerce/includes/class-wc-data-store.php on line 107

2023-05-10T08:22:42+00:00 CRITICAL Uncaught Exception: Invalid data store. in /var/www/wptbox/wp-content/plugins/woocommerce/includes/class-wc-data-store.php:107
Stack trace:
#0 /var/www/wptbox/wp-content/plugins/woocommerce/includes/class-wc-data-store.php(139): WC_Data_Store->__construct()
#1 /var/www/wptbox/wp-content/plugins/woocommerce/includes/wc-order-functions.php(378): WC_Data_Store::load()
#2 [internal function]: wc_orders_count()
#3 /var/www/wptbox/wp-content/plugins/woocommerce/src/Internal/Admin/Notes/OrderMilestones.php(116): array_map()
#4 /var/www/wptbox/wp-content/plugins/woocommerce/src/Internal/Admin/Notes/OrderMilestones.php(164): Automattic\WooCommerce\Internal\Admin\Notes\OrderMilestones->get_orders_count()
#5 /var/www/wptbox/wp-content/plugins/woocommerce/src/Internal/Admin/Notes/OrderMilestones.php(345): Automattic\WooCommerce\Internal\Admin\Notes\OrderMilestones->get_current_milestone()
#6 /var/www/wptbox/wp-content/plugins/woocommerce/src/Internal/Admin/Notes/OrderMilestones.php(358): Automattic\WooCommerce\Internal\Admin\Notes\OrderMilestones->can_be_added()
#7 /var/www/wptbox/wp-includes/class-wp-hook.php(308): Automattic\WooCommerce\Internal\Admin\Notes\OrderMilestones->possibly_add_note()
#8 /var/www/wptbox/wp-includes/class-wp-hook.php(332): WP_Hook->apply_filters()
#9 /var/www/wptbox/wp-includes/plugin.php(565): WP_Hook->do_action()
#10 /var/www/wptbox/wp-cron.php(188): do_action_ref_array()
#11 {main}
  thrown in /var/www/wptbox/wp-content/plugins/woocommerce/includes/class-wc-data-store.php on line 107

2023-05-10T09:23:51+00:00 CRITICAL Uncaught Exception: Invalid data store. in /var/www/wptbox/wp-content/plugins/woocommerce/includes/class-wc-data-store.php:107
Stack trace:
#0 /var/www/wptbox/wp-content/plugins/woocommerce/includes/class-wc-data-store.php(139): WC_Data_Store->__construct()
#1 /var/www/wptbox/wp-content/plugins/woocommerce/includes/wc-order-functions.php(378): WC_Data_Store::load()
#2 [internal function]: wc_orders_count()
#3 /var/www/wptbox/wp-content/plugins/woocommerce/src/Internal/Admin/Notes/OrderMilestones.php(116): array_map()
#4 /var/www/wptbox/wp-content/plugins/woocommerce/src/Internal/Admin/Notes/OrderMilestones.php(164): Automattic\WooCommerce\Internal\Admin\Notes\OrderMilestones->get_orders_count()
#5 /var/www/wptbox/wp-content/plugins/woocommerce/src/Internal/Admin/Notes/OrderMilestones.php(345): Automattic\WooCommerce\Internal\Admin\Notes\OrderMilestones->get_current_milestone()
#6 /var/www/wptbox/wp-content/plugins/woocommerce/src/Internal/Admin/Notes/OrderMilestones.php(358): Automattic\WooCommerce\Internal\Admin\Notes\OrderMilestones->can_be_added()
#7 /var/www/wptbox/wp-includes/class-wp-hook.php(308): Automattic\WooCommerce\Internal\Admin\Notes\OrderMilestones->possibly_add_note()
#8 /var/www/wptbox/wp-includes/class-wp-hook.php(332): WP_Hook->apply_filters()
#9 /var/www/wptbox/wp-includes/plugin.php(565): WP_Hook->do_action()
#10 /var/www/wptbox/wp-cron.php(188): do_action_ref_array()
#11 {main}
  thrown in /var/www/wptbox/wp-content/plugins/woocommerce/includes/class-wc-data-store.php on line 107

2023-05-10T10:22:00+00:00 CRITICAL Uncaught Exception: Invalid data store. in /var/www/wptbox/wp-content/plugins/woocommerce/includes/class-wc-data-store.php:107
Stack trace:
#0 /var/www/wptbox/wp-content/plugins/woocommerce/includes/class-wc-data-store.php(139): WC_Data_Store->__construct()
#1 /var/www/wptbox/wp-content/plugins/woocommerce/includes/wc-order-functions.php(378): WC_Data_Store::load()
#2 [internal function]: wc_orders_count()
#3 /var/www/wptbox/wp-content/plugins/woocommerce/src/Admin/RemoteInboxNotifications/OrdersProvider.php(31): array_map()
#4 /var/www/wptbox/wp-content/plugins/woocommerce/src/Admin/RemoteInboxNotifications/OrderCountRuleProcessor.php(34): Automattic\WooCommerce\Admin\RemoteInboxNotifications\OrdersProvider->get_order_count()
#5 /var/www/wptbox/wp-content/plugins/woocommerce/src/Admin/RemoteInboxNotifications/RuleEvaluator.php(71): Automattic\WooCommerce\Admin\RemoteInboxNotifications\OrderCountRuleProcessor->process()
#6 /var/www/wptbox/wp-content/plugins/woocommerce/src/Admin/RemoteInboxNotifications/EvaluateAndGetStatus.php(37): Automattic\WooCommerce\Admin\RemoteInboxNotifications\RuleEvaluator->evaluate()
#7 /var/www/wptbox/wp-content/plugins/woocommerce/src/Admin/RemoteInboxNotifications/SpecRunner.php(44): Automattic\WooCommerce\Admin\RemoteInboxNotifications\EvaluateAndGetStatus::evaluate()
#8 /var/www/wptbox/wp-content/plugins/woocommerce/src/Admin/RemoteInboxNotifications/RemoteInboxNotificationsEngine.php(121): Automattic\WooCommerce\Admin\RemoteInboxNotifications\SpecRunner::run_spec()
#9 /var/www/wptbox/wp-content/plugins/woocommerce/src/Internal/Admin/Events.php(152): Automattic\WooCommerce\Admin\RemoteInboxNotifications\RemoteInboxNotificationsEngine::run()
#10 /var/www/wptbox/wp-includes/class-wp-hook.php(308): Automattic\WooCommerce\Internal\Admin\Events->do_wc_admin_daily()
#11 /var/www/wptbox/wp-includes/class-wp-hook.php(332): WP_Hook->apply_filters()
#12 /var/www/wptbox/wp-includes/plugin.php(565): WP_Hook->do_action()
#13 /var/www/wptbox/wp-cron.php(188): do_action_ref_array()
#14 {main}
  thrown in /var/www/wptbox/wp-content/plugins/woocommerce/includes/class-wc-data-store.php on line 107

2023-05-10T10:23:17+00:00 CRITICAL Uncaught Exception: Invalid data store. in /var/www/wptbox/wp-content/plugins/woocommerce/includes/class-wc-data-store.php:107
Stack trace:
#0 /var/www/wptbox/wp-content/plugins/woocommerce/includes/class-wc-data-store.php(139): WC_Data_Store->__construct()
#1 /var/www/wptbox/wp-content/plugins/woocommerce/includes/wc-order-functions.php(378): WC_Data_Store::load()
#2 [internal function]: wc_orders_count()
#3 /var/www/wptbox/wp-content/plugins/woocommerce/src/Internal/Admin/Notes/OrderMilestones.php(116): array_map()
#4 /var/www/wptbox/wp-content/plugins/woocommerce/src/Internal/Admin/Notes/OrderMilestones.php(164): Automattic\WooCommerce\Internal\Admin\Notes\OrderMilestones->get_orders_count()
#5 /var/www/wptbox/wp-content/plugins/woocommerce/src/Internal/Admin/Notes/OrderMilestones.php(345): Automattic\WooCommerce\Internal\Admin\Notes\OrderMilestones->get_current_milestone()
#6 /var/www/wptbox/wp-content/plugins/woocommerce/src/Internal/Admin/Notes/OrderMilestones.php(358): Automattic\WooCommerce\Internal\Admin\Notes\OrderMilestones->can_be_added()
#7 /var/www/wptbox/wp-includes/class-wp-hook.php(308): Automattic\WooCommerce\Internal\Admin\Notes\OrderMilestones->possibly_add_note()
#8 /var/www/wptbox/wp-includes/class-wp-hook.php(332): WP_Hook->apply_filters()
#9 /var/www/wptbox/wp-includes/plugin.php(565): WP_Hook->do_action()
#10 /var/www/wptbox/wp-cron.php(188): do_action_ref_array()
#11 {main}
  thrown in /var/www/wptbox/wp-content/plugins/woocommerce/includes/class-wc-data-store.php on line 107

2023-05-10T11:26:52+00:00 CRITICAL Uncaught Exception: Invalid data store. in /var/www/wptbox/wp-content/plugins/woocommerce/includes/class-wc-data-store.php:107
Stack trace:
#0 /var/www/wptbox/wp-content/plugins/woocommerce/includes/class-wc-data-store.php(139): WC_Data_Store->__construct()
#1 /var/www/wptbox/wp-content/plugins/woocommerce/includes/wc-order-functions.php(378): WC_Data_Store::load()
#2 [internal function]: wc_orders_count()
#3 /var/www/wptbox/wp-content/plugins/woocommerce/src/Internal/Admin/Notes/OrderMilestones.php(116): array_map()
#4 /var/www/wptbox/wp-content/plugins/woocommerce/src/Internal/Admin/Notes/OrderMilestones.php(164): Automattic\WooCommerce\Internal\Admin\Notes\OrderMilestones->get_orders_count()
#5 /var/www/wptbox/wp-content/plugins/woocommerce/src/Internal/Admin/Notes/OrderMilestones.php(345): Automattic\WooCommerce\Internal\Admin\Notes\OrderMilestones->get_current_milestone()
#6 /var/www/wptbox/wp-content/plugins/woocommerce/src/Internal/Admin/Notes/OrderMilestones.php(358): Automattic\WooCommerce\Internal\Admin\Notes\OrderMilestones->can_be_added()
#7 /var/www/wptbox/wp-includes/class-wp-hook.php(308): Automattic\WooCommerce\Internal\Admin\Notes\OrderMilestones->possibly_add_note()
#8 /var/www/wptbox/wp-includes/class-wp-hook.php(332): WP_Hook->apply_filters()
#9 /var/www/wptbox/wp-includes/plugin.php(565): WP_Hook->do_action()
#10 /var/www/wptbox/wp-cron.php(188): do_action_ref_array()
#11 {main}
  thrown in /var/www/wptbox/wp-content/plugins/woocommerce/includes/class-wc-data-store.php on line 107

2023-05-10T12:22:53+00:00 CRITICAL Uncaught Exception: Invalid data store. in /var/www/wptbox/wp-content/plugins/woocommerce/includes/class-wc-data-store.php:107
Stack trace:
#0 /var/www/wptbox/wp-content/plugins/woocommerce/includes/class-wc-data-store.php(139): WC_Data_Store->__construct()
#1 /var/www/wptbox/wp-content/plugins/woocommerce/includes/wc-order-functions.php(378): WC_Data_Store::load()
#2 [internal function]: wc_orders_count()
#3 /var/www/wptbox/wp-content/plugins/woocommerce/src/Internal/Admin/Notes/OrderMilestones.php(116): array_map()
#4 /var/www/wptbox/wp-content/plugins/woocommerce/src/Internal/Admin/Notes/OrderMilestones.php(164): Automattic\WooCommerce\Internal\Admin\Notes\OrderMilestones->get_orders_count()
#5 /var/www/wptbox/wp-content/plugins/woocommerce/src/Internal/Admin/Notes/OrderMilestones.php(345): Automattic\WooCommerce\Internal\Admin\Notes\OrderMilestones->get_current_milestone()
#6 /var/www/wptbox/wp-content/plugins/woocommerce/src/Internal/Admin/Notes/OrderMilestones.php(358): Automattic\WooCommerce\Internal\Admin\Notes\OrderMilestones->can_be_added()
#7 /var/www/wptbox/wp-includes/class-wp-hook.php(308): Automattic\WooCommerce\Internal\Admin\Notes\OrderMilestones->possibly_add_note()
#8 /var/www/wptbox/wp-includes/class-wp-hook.php(332): WP_Hook->apply_filters()
#9 /var/www/wptbox/wp-includes/plugin.php(565): WP_Hook->do_action()
#10 /var/www/wptbox/wp-cron.php(188): do_action_ref_array()
#11 {main}
  thrown in /var/www/wptbox/wp-content/plugins/woocommerce/includes/class-wc-data-store.php on line 107

2023-05-10T13:22:23+00:00 CRITICAL Uncaught Exception: Invalid data store. in /var/www/wptbox/wp-content/plugins/woocommerce/includes/class-wc-data-store.php:107
Stack trace:
#0 /var/www/wptbox/wp-content/plugins/woocommerce/includes/class-wc-data-store.php(139): WC_Data_Store->__construct()
#1 /var/www/wptbox/wp-content/plugins/woocommerce/includes/wc-order-functions.php(378): WC_Data_Store::load()
#2 [internal function]: wc_orders_count()
#3 /var/www/wptbox/wp-content/plugins/woocommerce/src/Internal/Admin/Notes/OrderMilestones.php(116): array_map()
#4 /var/www/wptbox/wp-content/plugins/woocommerce/src/Internal/Admin/Notes/OrderMilestones.php(164): Automattic\WooCommerce\Internal\Admin\Notes\OrderMilestones->get_orders_count()
#5 /var/www/wptbox/wp-content/plugins/woocommerce/src/Internal/Admin/Notes/OrderMilestones.php(345): Automattic\WooCommerce\Internal\Admin\Notes\OrderMilestones->get_current_milestone()
#6 /var/www/wptbox/wp-content/plugins/woocommerce/src/Internal/Admin/Notes/OrderMilestones.php(358): Automattic\WooCommerce\Internal\Admin\Notes\OrderMilestones->can_be_added()
#7 /var/www/wptbox/wp-includes/class-wp-hook.php(308): Automattic\WooCommerce\Internal\Admin\Notes\OrderMilestones->possibly_add_note()
#8 /var/www/wptbox/wp-includes/class-wp-hook.php(332): WP_Hook->apply_filters()
#9 /var/www/wptbox/wp-includes/plugin.php(565): WP_Hook->do_action()
#10 /var/www/wptbox/wp-cron.php(188): do_action_ref_array()
#11 {main}
  thrown in /var/www/wptbox/wp-content/plugins/woocommerce/includes/class-wc-data-store.php on line 107

2023-05-10T14:26:36+00:00 CRITICAL Uncaught Exception: Invalid data store. in /var/www/wptbox/wp-content/plugins/woocommerce/includes/class-wc-data-store.php:107
Stack trace:
#0 /var/www/wptbox/wp-content/plugins/woocommerce/includes/class-wc-data-store.php(139): WC_Data_Store->__construct()
#1 /var/www/wptbox/wp-content/plugins/woocommerce/includes/wc-order-functions.php(378): WC_Data_Store::load()
#2 [internal function]: wc_orders_count()
#3 /var/www/wptbox/wp-content/plugins/woocommerce/src/Internal/Admin/Notes/OrderMilestones.php(116): array_map()
#4 /var/www/wptbox/wp-content/plugins/woocommerce/src/Internal/Admin/Notes/OrderMilestones.php(164): Automattic\WooCommerce\Internal\Admin\Notes\OrderMilestones->get_orders_count()
#5 /var/www/wptbox/wp-content/plugins/woocommerce/src/Internal/Admin/Notes/OrderMilestones.php(345): Automattic\WooCommerce\Internal\Admin\Notes\OrderMilestones->get_current_milestone()
#6 /var/www/wptbox/wp-content/plugins/woocommerce/src/Internal/Admin/Notes/OrderMilestones.php(358): Automattic\WooCommerce\Internal\Admin\Notes\OrderMilestones->can_be_added()
#7 /var/www/wptbox/wp-includes/class-wp-hook.php(308): Automattic\WooCommerce\Internal\Admin\Notes\OrderMilestones->possibly_add_note()
#8 /var/www/wptbox/wp-includes/class-wp-hook.php(332): WP_Hook->apply_filters()
#9 /var/www/wptbox/wp-includes/plugin.php(565): WP_Hook->do_action()
#10 /var/www/wptbox/wp-cron.php(188): do_action_ref_array()
#11 {main}
  thrown in /var/www/wptbox/wp-content/plugins/woocommerce/includes/class-wc-data-store.php on line 107

2023-05-10T15:29:05+00:00 CRITICAL Uncaught Exception: Invalid data store. in /var/www/wptbox/wp-content/plugins/woocommerce/includes/class-wc-data-store.php:107
Stack trace:
#0 /var/www/wptbox/wp-content/plugins/woocommerce/includes/class-wc-data-store.php(139): WC_Data_Store->__construct()
#1 /var/www/wptbox/wp-content/plugins/woocommerce/includes/wc-order-functions.php(378): WC_Data_Store::load()
#2 [internal function]: wc_orders_count()
#3 /var/www/wptbox/wp-content/plugins/woocommerce/src/Internal/Admin/Notes/OrderMilestones.php(116): array_map()
#4 /var/www/wptbox/wp-content/plugins/woocommerce/src/Internal/Admin/Notes/OrderMilestones.php(164): Automattic\WooCommerce\Internal\Admin\Notes\OrderMilestones->get_orders_count()
#5 /var/www/wptbox/wp-content/plugins/woocommerce/src/Internal/Admin/Notes/OrderMilestones.php(345): Automattic\WooCommerce\Internal\Admin\Notes\OrderMilestones->get_current_milestone()
#6 /var/www/wptbox/wp-content/plugins/woocommerce/src/Internal/Admin/Notes/OrderMilestones.php(358): Automattic\WooCommerce\Internal\Admin\Notes\OrderMilestones->can_be_added()
#7 /var/www/wptbox/wp-includes/class-wp-hook.php(308): Automattic\WooCommerce\Internal\Admin\Notes\OrderMilestones->possibly_add_note()
#8 /var/www/wptbox/wp-includes/class-wp-hook.php(332): WP_Hook->apply_filters()
#9 /var/www/wptbox/wp-includes/plugin.php(565): WP_Hook->do_action()
#10 /var/www/wptbox/wp-cron.php(188): do_action_ref_array()
#11 {main}
  thrown in /var/www/wptbox/wp-content/plugins/woocommerce/includes/class-wc-data-store.php on line 107

2023-05-10T17:40:39+00:00 CRITICAL Uncaught Exception: Invalid data store. in /var/www/wptbox/wp-content/plugins/woocommerce/includes/class-wc-data-store.php:107
Stack trace:
#0 /var/www/wptbox/wp-content/plugins/woocommerce/includes/class-wc-data-store.php(139): WC_Data_Store->__construct()
#1 /var/www/wptbox/wp-content/plugins/woocommerce/includes/wc-order-functions.php(378): WC_Data_Store::load()
#2 [internal function]: wc_orders_count()
#3 /var/www/wptbox/wp-content/plugins/woocommerce/src/Internal/Admin/Notes/OrderMilestones.php(116): array_map()
#4 /var/www/wptbox/wp-content/plugins/woocommerce/src/Internal/Admin/Notes/OrderMilestones.php(164): Automattic\WooCommerce\Internal\Admin\Notes\OrderMilestones->get_orders_count()
#5 /var/www/wptbox/wp-content/plugins/woocommerce/src/Internal/Admin/Notes/OrderMilestones.php(345): Automattic\WooCommerce\Internal\Admin\Notes\OrderMilestones->get_current_milestone()
#6 /var/www/wptbox/wp-content/plugins/woocommerce/src/Internal/Admin/Notes/OrderMilestones.php(358): Automattic\WooCommerce\Internal\Admin\Notes\OrderMilestones->can_be_added()
#7 /var/www/wptbox/wp-includes/class-wp-hook.php(308): Automattic\WooCommerce\Internal\Admin\Notes\OrderMilestones->possibly_add_note()
#8 /var/www/wptbox/wp-includes/class-wp-hook.php(332): WP_Hook->apply_filters()
#9 /var/www/wptbox/wp-includes/plugin.php(565): WP_Hook->do_action()
#10 /var/www/wptbox/wp-cron.php(188): do_action_ref_array()
#11 {main}
  thrown in /var/www/wptbox/wp-content/plugins/woocommerce/includes/class-wc-data-store.php on line 107

2023-05-10T18:22:18+00:00 CRITICAL Uncaught Exception: Invalid data store. in /var/www/wptbox/wp-content/plugins/woocommerce/includes/class-wc-data-store.php:107
Stack trace:
#0 /var/www/wptbox/wp-content/plugins/woocommerce/includes/class-wc-data-store.php(139): WC_Data_Store->__construct()
#1 /var/www/wptbox/wp-content/plugins/woocommerce/includes/wc-order-functions.php(378): WC_Data_Store::load()
#2 [internal function]: wc_orders_count()
#3 /var/www/wptbox/wp-content/plugins/woocommerce/src/Internal/Admin/Notes/OrderMilestones.php(116): array_map()
#4 /var/www/wptbox/wp-content/plugins/woocommerce/src/Internal/Admin/Notes/OrderMilestones.php(164): Automattic\WooCommerce\Internal\Admin\Notes\OrderMilestones->get_orders_count()
#5 /var/www/wptbox/wp-content/plugins/woocommerce/src/Internal/Admin/Notes/OrderMilestones.php(345): Automattic\WooCommerce\Internal\Admin\Notes\OrderMilestones->get_current_milestone()
#6 /var/www/wptbox/wp-content/plugins/woocommerce/src/Internal/Admin/Notes/OrderMilestones.php(358): Automattic\WooCommerce\Internal\Admin\Notes\OrderMilestones->can_be_added()
#7 /var/www/wptbox/wp-includes/class-wp-hook.php(308): Automattic\WooCommerce\Internal\Admin\Notes\OrderMilestones->possibly_add_note()
#8 /var/www/wptbox/wp-includes/class-wp-hook.php(332): WP_Hook->apply_filters()
#9 /var/www/wptbox/wp-includes/plugin.php(565): WP_Hook->do_action()
#10 /var/www/wptbox/wp-cron.php(188): do_action_ref_array()
#11 {main}
  thrown in /var/www/wptbox/wp-content/plugins/woocommerce/includes/class-wc-data-store.php on line 107

2023-05-10T20:05:36+00:00 CRITICAL Uncaught Exception: Invalid data store. in /var/www/wptbox/wp-content/plugins/woocommerce/includes/class-wc-data-store.php:107
Stack trace:
#0 /var/www/wptbox/wp-content/plugins/woocommerce/includes/class-wc-data-store.php(139): WC_Data_Store->__construct()
#1 /var/www/wptbox/wp-content/plugins/woocommerce/includes/wc-order-functions.php(378): WC_Data_Store::load()
#2 [internal function]: wc_orders_count()
#3 /var/www/wptbox/wp-content/plugins/woocommerce/src/Internal/Admin/Notes/OrderMilestones.php(116): array_map()
#4 /var/www/wptbox/wp-content/plugins/woocommerce/src/Internal/Admin/Notes/OrderMilestones.php(164): Automattic\WooCommerce\Internal\Admin\Notes\OrderMilestones->get_orders_count()
#5 /var/www/wptbox/wp-content/plugins/woocommerce/src/Internal/Admin/Notes/OrderMilestones.php(345): Automattic\WooCommerce\Internal\Admin\Notes\OrderMilestones->get_current_milestone()
#6 /var/www/wptbox/wp-content/plugins/woocommerce/src/Internal/Admin/Notes/OrderMilestones.php(358): Automattic\WooCommerce\Internal\Admin\Notes\OrderMilestones->can_be_added()
#7 /var/www/wptbox/wp-includes/class-wp-hook.php(308): Automattic\WooCommerce\Internal\Admin\Notes\OrderMilestones->possibly_add_note()
#8 /var/www/wptbox/wp-includes/class-wp-hook.php(332): WP_Hook->apply_filters()
#9 /var/www/wptbox/wp-includes/plugin.php(565): WP_Hook->do_action()
#10 /var/www/wptbox/wp-cron.php(188): do_action_ref_array()
#11 {main}
  thrown in /var/www/wptbox/wp-content/plugins/woocommerce/includes/class-wc-data-store.php on line 107

2023-05-10T20:42:30+00:00 CRITICAL Uncaught Exception: Invalid data store. in /var/www/wptbox/wp-content/plugins/woocommerce/includes/class-wc-data-store.php:107
Stack trace:
#0 /var/www/wptbox/wp-content/plugins/woocommerce/includes/class-wc-data-store.php(139): WC_Data_Store->__construct()
#1 /var/www/wptbox/wp-content/plugins/woocommerce/includes/wc-order-functions.php(378): WC_Data_Store::load()
#2 [internal function]: wc_orders_count()
#3 /var/www/wptbox/wp-content/plugins/woocommerce/src/Internal/Admin/Notes/OrderMilestones.php(116): array_map()
#4 /var/www/wptbox/wp-content/plugins/woocommerce/src/Internal/Admin/Notes/OrderMilestones.php(164): Automattic\WooCommerce\Internal\Admin\Notes\OrderMilestones->get_orders_count()
#5 /var/www/wptbox/wp-content/plugins/woocommerce/src/Internal/Admin/Notes/OrderMilestones.php(345): Automattic\WooCommerce\Internal\Admin\Notes\OrderMilestones->get_current_milestone()
#6 /var/www/wptbox/wp-content/plugins/woocommerce/src/Internal/Admin/Notes/OrderMilestones.php(358): Automattic\WooCommerce\Internal\Admin\Notes\OrderMilestones->can_be_added()
#7 /var/www/wptbox/wp-includes/class-wp-hook.php(308): Automattic\WooCommerce\Internal\Admin\Notes\OrderMilestones->possibly_add_note()
#8 /var/www/wptbox/wp-includes/class-wp-hook.php(332): WP_Hook->apply_filters()
#9 /var/www/wptbox/wp-includes/plugin.php(565): WP_Hook->do_action()
#10 /var/www/wptbox/wp-cron.php(188): do_action_ref_array()
#11 {main}
  thrown in /var/www/wptbox/wp-content/plugins/woocommerce/includes/class-wc-data-store.php on line 107

2023-05-10T21:29:59+00:00 CRITICAL Uncaught Exception: Invalid data store. in /var/www/wptbox/wp-content/plugins/woocommerce/includes/class-wc-data-store.php:107
Stack trace:
#0 /var/www/wptbox/wp-content/plugins/woocommerce/includes/class-wc-data-store.php(139): WC_Data_Store->__construct()
#1 /var/www/wptbox/wp-content/plugins/woocommerce/includes/wc-order-functions.php(378): WC_Data_Store::load()
#2 [internal function]: wc_orders_count()
#3 /var/www/wptbox/wp-content/plugins/woocommerce/src/Internal/Admin/Notes/OrderMilestones.php(116): array_map()
#4 /var/www/wptbox/wp-content/plugins/woocommerce/src/Internal/Admin/Notes/OrderMilestones.php(164): Automattic\WooCommerce\Internal\Admin\Notes\OrderMilestones->get_orders_count()
#5 /var/www/wptbox/wp-content/plugins/woocommerce/src/Internal/Admin/Notes/OrderMilestones.php(345): Automattic\WooCommerce\Internal\Admin\Notes\OrderMilestones->get_current_milestone()
#6 /var/www/wptbox/wp-content/plugins/woocommerce/src/Internal/Admin/Notes/OrderMilestones.php(358): Automattic\WooCommerce\Internal\Admin\Notes\OrderMilestones->can_be_added()
#7 /var/www/wptbox/wp-includes/class-wp-hook.php(308): Automattic\WooCommerce\Internal\Admin\Notes\OrderMilestones->possibly_add_note()
#8 /var/www/wptbox/wp-includes/class-wp-hook.php(332): WP_Hook->apply_filters()
#9 /var/www/wptbox/wp-includes/plugin.php(565): WP_Hook->do_action()
#10 /var/www/wptbox/wp-cron.php(188): do_action_ref_array()
#11 {main}
  thrown in /var/www/wptbox/wp-content/plugins/woocommerce/includes/class-wc-data-store.php on line 107

2023-05-10T22:41:40+00:00 CRITICAL Uncaught Exception: Invalid data store. in /var/www/wptbox/wp-content/plugins/woocommerce/includes/class-wc-data-store.php:107
Stack trace:
#0 /var/www/wptbox/wp-content/plugins/woocommerce/includes/class-wc-data-store.php(139): WC_Data_Store->__construct()
#1 /var/www/wptbox/wp-content/plugins/woocommerce/includes/wc-order-functions.php(378): WC_Data_Store::load()
#2 [internal function]: wc_orders_count()
#3 /var/www/wptbox/wp-content/plugins/woocommerce/src/Internal/Admin/Notes/OrderMilestones.php(116): array_map()
#4 /var/www/wptbox/wp-content/plugins/woocommerce/src/Internal/Admin/Notes/OrderMilestones.php(164): Automattic\WooCommerce\Internal\Admin\Notes\OrderMilestones->get_orders_count()
#5 /var/www/wptbox/wp-content/plugins/woocommerce/src/Internal/Admin/Notes/OrderMilestones.php(345): Automattic\WooCommerce\Internal\Admin\Notes\OrderMilestones->get_current_milestone()
#6 /var/www/wptbox/wp-content/plugins/woocommerce/src/Internal/Admin/Notes/OrderMilestones.php(358): Automattic\WooCommerce\Internal\Admin\Notes\OrderMilestones->can_be_added()
#7 /var/www/wptbox/wp-includes/class-wp-hook.php(308): Automattic\WooCommerce\Internal\Admin\Notes\OrderMilestones->possibly_add_note()
#8 /var/www/wptbox/wp-includes/class-wp-hook.php(332): WP_Hook->apply_filters()
#9 /var/www/wptbox/wp-includes/plugin.php(565): WP_Hook->do_action()
#10 /var/www/wptbox/wp-cron.php(188): do_action_ref_array()
#11 {main}
  thrown in /var/www/wptbox/wp-content/plugins/woocommerce/includes/class-wc-data-store.php on line 107

2023-05-10T23:22:51+00:00 CRITICAL Uncaught Exception: Invalid data store. in /var/www/wptbox/wp-content/plugins/woocommerce/includes/class-wc-data-store.php:107
Stack trace:
#0 /var/www/wptbox/wp-content/plugins/woocommerce/includes/class-wc-data-store.php(139): WC_Data_Store->__construct()
#1 /var/www/wptbox/wp-content/plugins/woocommerce/includes/wc-order-functions.php(378): WC_Data_Store::load()
#2 [internal function]: wc_orders_count()
#3 /var/www/wptbox/wp-content/plugins/woocommerce/src/Internal/Admin/Notes/OrderMilestones.php(116): array_map()
#4 /var/www/wptbox/wp-content/plugins/woocommerce/src/Internal/Admin/Notes/OrderMilestones.php(164): Automattic\WooCommerce\Internal\Admin\Notes\OrderMilestones->get_orders_count()
#5 /var/www/wptbox/wp-content/plugins/woocommerce/src/Internal/Admin/Notes/OrderMilestones.php(345): Automattic\WooCommerce\Internal\Admin\Notes\OrderMilestones->get_current_milestone()
#6 /var/www/wptbox/wp-content/plugins/woocommerce/src/Internal/Admin/Notes/OrderMilestones.php(358): Automattic\WooCommerce\Internal\Admin\Notes\OrderMilestones->can_be_added()
#7 /var/www/wptbox/wp-includes/class-wp-hook.php(308): Automattic\WooCommerce\Internal\Admin\Notes\OrderMilestones->possibly_add_note()
#8 /var/www/wptbox/wp-includes/class-wp-hook.php(332): WP_Hook->apply_filters()
#9 /var/www/wptbox/wp-includes/plugin.php(565): WP_Hook->do_action()
#10 /var/www/wptbox/wp-cron.php(188): do_action_ref_array()
#11 {main}
  thrown in /var/www/wptbox/wp-content/plugins/woocommerce/includes/class-wc-data-store.php on line 107

